<?xml version="1.0" encoding="UTF-8"?>
<testng-results skipped="0" failed="0" ignored="0" total="1" passed="1">
  <reporter-output>
  </reporter-output>
  <suite name="Default suite" duration-ms="19841" started-at="2020-03-24T11:27:47Z" finished-at="2020-03-24T11:28:06Z">
    <groups>
    </groups>
    <test name="Default test" duration-ms="19841" started-at="2020-03-24T11:27:47Z" finished-at="2020-03-24T11:28:06Z">
      <class name="com.google.testScript.LoginToTheApplication">
        <test-method status="PASS" signature="init()[pri:0, instance:com.google.testScript.LoginToTheApplication@12d3a4e9]" name="init" is-config="true" duration-ms="7" started-at="2020-03-24T16:57:47Z" finished-at="2020-03-24T16:57:47Z">
          <reporter-output>
          </reporter-output>
        </test-method> <!-- init -->
        <test-method status="PASS" signature="SetBrowser()[pri:0, instance:com.google.testScript.LoginToTheApplication@12d3a4e9]" name="SetBrowser" is-config="true" duration-ms="2668" started-at="2020-03-24T16:57:47Z" finished-at="2020-03-24T16:57:49Z">
          <reporter-output>
          </reporter-output>
        </test-method> <!-- SetBrowser -->
        <test-method status="PASS" signature="getData()[pri:0, instance:com.google.testScript.LoginToTheApplication@12d3a4e9]" name="getData" is-config="true" duration-ms="393" started-at="2020-03-24T16:57:49Z" finished-at="2020-03-24T16:57:50Z">
          <reporter-output>
          </reporter-output>
        </test-method> <!-- getData -->
        <test-method status="PASS" signature="testLoginToTheApplication()[pri:0, instance:com.google.testScript.LoginToTheApplication@12d3a4e9]" name="testLoginToTheApplication" duration-ms="16769" started-at="2020-03-24T16:57:50Z" finished-at="2020-03-24T16:58:06Z">
          <reporter-output>
          </reporter-output>
        </test-method> <!-- testLoginToTheApplication -->
      </class> <!-- com.google.testScript.LoginToTheApplication -->
    </test> <!-- Default test -->
  </suite> <!-- Default suite -->
</testng-results>
