<?xml version="1.0" encoding="UTF-8"?>
<testng-results skipped="0" failed="0" ignored="0" total="1" passed="1">
  <reporter-output>
  </reporter-output>
  <suite name="Default suite" duration-ms="25352" started-at="2020-03-30T05:02:27Z" finished-at="2020-03-30T05:02:53Z">
    <groups>
    </groups>
    <test name="Default test" duration-ms="25352" started-at="2020-03-30T05:02:27Z" finished-at="2020-03-30T05:02:53Z">
      <class name="com.google.testScript.LoginToTheApplication">
        <test-method status="PASS" signature="init()[pri:0, instance:com.google.testScript.LoginToTheApplication@12d3a4e9]" name="init" is-config="true" duration-ms="15" started-at="2020-03-30T10:32:27Z" finished-at="2020-03-30T10:32:27Z">
          <reporter-output>
          </reporter-output>
        </test-method> <!-- init -->
        <test-method status="PASS" signature="SetBrowser()[pri:0, instance:com.google.testScript.LoginToTheApplication@12d3a4e9]" name="SetBrowser" is-config="true" duration-ms="3565" started-at="2020-03-30T10:32:27Z" finished-at="2020-03-30T10:32:31Z">
          <reporter-output>
          </reporter-output>
        </test-method> <!-- SetBrowser -->
        <test-method status="PASS" signature="getData()[pri:0, instance:com.google.testScript.LoginToTheApplication@12d3a4e9]" name="getData" is-config="true" duration-ms="1062" started-at="2020-03-30T10:32:31Z" finished-at="2020-03-30T10:32:32Z">
          <reporter-output>
          </reporter-output>
        </test-method> <!-- getData -->
        <test-method status="PASS" signature="testLoginToTheApplication()[pri:0, instance:com.google.testScript.LoginToTheApplication@12d3a4e9]" name="testLoginToTheApplication" duration-ms="20692" started-at="2020-03-30T10:32:32Z" finished-at="2020-03-30T10:32:53Z">
          <reporter-output>
          </reporter-output>
        </test-method> <!-- testLoginToTheApplication -->
      </class> <!-- com.google.testScript.LoginToTheApplication -->
    </test> <!-- Default test -->
  </suite> <!-- Default suite -->
</testng-results>
